<?xml version="1.0" encoding="UTF-8"?>
<!-- Generated by org.testng.reporters.JUnitReportReporter -->
<testsuite hostname="DESKTOP-7GKAUO0" failures="0" tests="1" name="demoProject.login.Tc_Loginpage" time="0.012" errors="0" timestamp="2021-08-10T12:54:06 IST" skipped="0">
  <testcase classname="demoProject.login.Tc_Loginpage" name="userName" time="0.012"/>
  <system-out/>
</testsuite> <!-- demoProject.login.Tc_Loginpage -->
