<?xml version="1.0" encoding="UTF-8"?>
<!-- Generated by org.testng.reporters.JUnitReportReporter -->
<testsuite hostname="DESKTOP-7GKAUO0" failures="0" tests="1" name="demoProject.login.TC_validUser" time="0.010" errors="0" timestamp="2021-08-10T15:30:10 IST" skipped="0">
  <testcase classname="demoProject.login.TC_validUser" name="user1" time="0.010"/>
  <system-out/>
</testsuite> <!-- demoProject.login.TC_validUser -->
